<?xml version="1.0" encoding="UTF-8"?>
<!-- Generated by org.testng.reporters.JUnitReportReporter -->
<testsuite hostname="DESKTOP-QI6H2EA" failures="0" tests="1" name="rahulshettyacademy.tests.ErrorValidations" time="9.228" errors="0" timestamp="2023-08-12T12:49:18 EDT" skipped="0">
  <testcase classname="rahulshettyacademy.tests.ErrorValidations" name="loginErrorValidation" time="9.228"/>
</testsuite> <!-- rahulshettyacademy.tests.ErrorValidations -->
